2022-02-14 13:59:16,194 INFO o.a.j.u.JMeterUtils: Setting Locale to en_EN
2022-02-14 13:59:16,238 INFO o.a.j.JMeter: Loading user properties from: user.properties
2022-02-14 13:59:16,242 INFO o.a.j.JMeter: Loading system properties from: system.properties
2022-02-14 13:59:16,271 INFO o.a.j.JMeter: Copyright (c) 1998-2021 The Apache Software Foundation
2022-02-14 13:59:16,272 INFO o.a.j.JMeter: Version 5.4.3
2022-02-14 13:59:16,272 INFO o.a.j.JMeter: java.version=1.8.0_311
2022-02-14 13:59:16,275 INFO o.a.j.JMeter: java.vm.name=Java HotSpot(TM) 64-Bit Server VM
2022-02-14 13:59:16,276 INFO o.a.j.JMeter: os.name=Windows 10
2022-02-14 13:59:16,276 INFO o.a.j.JMeter: os.arch=amd64
2022-02-14 13:59:16,276 INFO o.a.j.JMeter: os.version=10.0
2022-02-14 13:59:16,276 INFO o.a.j.JMeter: file.encoding=Cp1252
2022-02-14 13:59:16,276 INFO o.a.j.JMeter: java.awt.headless=null
2022-02-14 13:59:16,277 INFO o.a.j.JMeter: Max memory     =1073741824
2022-02-14 13:59:16,278 INFO o.a.j.JMeter: Available Processors =2
2022-02-14 13:59:16,293 INFO o.a.j.JMeter: Default Locale=English (EN)
2022-02-14 13:59:16,297 INFO o.a.j.JMeter: JMeter  Locale=English (EN)
2022-02-14 13:59:16,297 INFO o.a.j.JMeter: JMeterHome=D:\Cilsy\Sekolah QA Engineer\BigProject_Wahyu\apache-jmeter-5.4.3
2022-02-14 13:59:16,297 INFO o.a.j.JMeter: user.dir  =D:\Cilsy\Sekolah QA Engineer\BigProject_Wahyu\apache-jmeter-5.4.3\bin
2022-02-14 13:59:16,299 INFO o.a.j.JMeter: PWD       =D:\Cilsy\Sekolah QA Engineer\BigProject_Wahyu\apache-jmeter-5.4.3\bin
2022-02-14 13:59:16,301 INFO o.a.j.JMeter: IP: 10.128.226.54 Name: JJQK9HBA FullName: JJQK9HBA
2022-02-14 13:59:16,581 INFO o.a.j.JMeter: Setting LAF to: laf:com.sun.java.swing.plaf.windows.WindowsLookAndFeel
2022-02-14 13:59:17,252 INFO o.a.j.JMeter: Loaded icon properties from org/apache/jmeter/images/icon.properties
2022-02-14 13:59:46,404 INFO o.a.j.s.FileServer: Default base='D:\Cilsy\Sekolah QA Engineer\BigProject_Wahyu\apache-jmeter-5.4.3\bin'
2022-02-14 13:59:46,408 INFO o.a.j.s.FileServer: Set new base='D:\Cilsy\Sekolah QA Engineer\BigProject_Wahyu\apache-jmeter-5.4.3\bin'
2022-02-14 13:59:46,926 INFO o.a.j.s.SaveService: Testplan (JMX) version: 2.2. Testlog (JTL) version: 2.2
2022-02-14 13:59:47,049 INFO o.a.j.s.SaveService: Using SaveService properties file encoding UTF-8
2022-02-14 13:59:47,054 INFO o.a.j.s.SaveService: Using SaveService properties version 5.0
2022-02-14 13:59:47,127 INFO o.a.j.e.StandardJMeterEngine: Running the test!
2022-02-14 13:59:47,133 INFO o.a.j.s.SampleEvent: List of sample_variables: []
2022-02-14 13:59:47,158 INFO o.a.j.s.SampleEvent: List of sample_variables: []
2022-02-14 13:59:47,163 INFO o.a.j.e.u.CompoundVariable: Note: Function class names must contain the string: '.functions.'
2022-02-14 13:59:47,164 INFO o.a.j.e.u.CompoundVariable: Note: Function class names must not contain the string: '.gui.'
2022-02-14 13:59:48,122 INFO o.a.j.g.u.JMeterMenuBar: setRunning(true, *local*)
2022-02-14 13:59:48,299 INFO o.a.j.e.StandardJMeterEngine: Starting ThreadGroup: 1 : Thread Group
2022-02-14 13:59:48,300 INFO o.a.j.e.StandardJMeterEngine: Starting 1 threads for group Thread Group.
2022-02-14 13:59:48,300 INFO o.a.j.e.StandardJMeterEngine: Thread will continue on error
2022-02-14 13:59:48,300 INFO o.a.j.t.ThreadGroup: Starting thread group... number=1 threads=1 ramp-up=1 delayedStart=false
2022-02-14 13:59:48,308 INFO o.a.j.t.ThreadGroup: Started thread group number 1
2022-02-14 13:59:48,308 INFO o.a.j.e.StandardJMeterEngine: All thread groups have been started
2022-02-14 13:59:48,312 INFO o.a.j.t.JMeterThread: Thread started: Thread Group 1-1
2022-02-14 13:59:48,319 INFO o.a.j.p.j.s.JUnitSampler: Trying to find constructor with one String parameter returned error: GroupJmete.ArtifactJmeter.SeleniumJmeter.<init>(java.lang.String)
2022-02-14 13:59:48,329 INFO o.a.j.s.SampleResult: Note: Sample TimeStamps are START times
2022-02-14 13:59:48,329 INFO o.a.j.s.SampleResult: sampleresult.default.encoding is set to ISO-8859-1
2022-02-14 13:59:48,330 INFO o.a.j.s.SampleResult: sampleresult.useNanoTime=true
2022-02-14 13:59:48,331 INFO o.a.j.s.SampleResult: sampleresult.nanoThreadSleep=5000
2022-02-14 14:00:12,081 INFO o.a.j.t.JMeterThread: Thread is done: Thread Group 1-1
2022-02-14 14:00:12,081 INFO o.a.j.t.JMeterThread: Thread finished: Thread Group 1-1
2022-02-14 14:00:12,084 INFO o.a.j.e.StandardJMeterEngine: Notifying test listeners of end of test
2022-02-14 14:00:12,085 INFO o.a.j.g.u.JMeterMenuBar: setRunning(false, *local*)
2022-02-14 14:00:49,972 INFO o.a.j.e.StandardJMeterEngine: Running the test!
2022-02-14 14:00:49,973 INFO o.a.j.s.SampleEvent: List of sample_variables: []
2022-02-14 14:00:49,982 INFO o.a.j.g.u.JMeterMenuBar: setRunning(true, *local*)
2022-02-14 14:00:50,165 INFO o.a.j.e.StandardJMeterEngine: Starting ThreadGroup: 1 : Thread Group
2022-02-14 14:00:50,165 INFO o.a.j.e.StandardJMeterEngine: Starting 2 threads for group Thread Group.
2022-02-14 14:00:50,166 INFO o.a.j.e.StandardJMeterEngine: Thread will continue on error
2022-02-14 14:00:50,166 INFO o.a.j.t.ThreadGroup: Starting thread group... number=1 threads=2 ramp-up=1 delayedStart=false
2022-02-14 14:00:50,170 INFO o.a.j.t.ThreadGroup: Started thread group number 1
2022-02-14 14:00:50,170 INFO o.a.j.e.StandardJMeterEngine: All thread groups have been started
2022-02-14 14:00:50,205 INFO o.a.j.t.JMeterThread: Thread started: Thread Group 1-1
2022-02-14 14:00:50,206 INFO o.a.j.p.j.s.JUnitSampler: Trying to find constructor with one String parameter returned error: GroupJmete.ArtifactJmeter.SeleniumJmeter.<init>(java.lang.String)
2022-02-14 14:00:50,705 INFO o.a.j.t.JMeterThread: Thread started: Thread Group 1-2
2022-02-14 14:00:50,705 INFO o.a.j.p.j.s.JUnitSampler: Trying to find constructor with one String parameter returned error: GroupJmete.ArtifactJmeter.SeleniumJmeter.<init>(java.lang.String)
2022-02-14 14:01:07,339 INFO o.a.j.t.JMeterThread: Thread is done: Thread Group 1-1
2022-02-14 14:01:07,339 INFO o.a.j.t.JMeterThread: Thread finished: Thread Group 1-1
2022-02-14 14:01:24,762 INFO o.a.j.t.JMeterThread: Thread is done: Thread Group 1-2
2022-02-14 14:01:24,762 INFO o.a.j.t.JMeterThread: Thread finished: Thread Group 1-2
2022-02-14 14:01:24,782 INFO o.a.j.e.StandardJMeterEngine: Notifying test listeners of end of test
2022-02-14 14:01:24,784 INFO o.a.j.g.u.JMeterMenuBar: setRunning(false, *local*)
2022-02-14 14:01:34,542 INFO o.a.j.e.StandardJMeterEngine: Running the test!
2022-02-14 14:01:34,543 INFO o.a.j.s.SampleEvent: List of sample_variables: []
2022-02-14 14:01:34,555 INFO o.a.j.g.u.JMeterMenuBar: setRunning(true, *local*)
2022-02-14 14:01:34,759 INFO o.a.j.e.StandardJMeterEngine: Starting ThreadGroup: 1 : Thread Group
2022-02-14 14:01:34,760 INFO o.a.j.e.StandardJMeterEngine: Starting 1 threads for group Thread Group.
2022-02-14 14:01:34,760 INFO o.a.j.e.StandardJMeterEngine: Thread will continue on error
2022-02-14 14:01:34,761 INFO o.a.j.t.ThreadGroup: Starting thread group... number=1 threads=1 ramp-up=1 delayedStart=false
2022-02-14 14:01:34,769 INFO o.a.j.t.ThreadGroup: Started thread group number 1
2022-02-14 14:01:34,769 INFO o.a.j.e.StandardJMeterEngine: All thread groups have been started
2022-02-14 14:01:34,789 INFO o.a.j.t.JMeterThread: Thread started: Thread Group 1-1
2022-02-14 14:01:34,794 INFO o.a.j.p.j.s.JUnitSampler: Trying to find constructor with one String parameter returned error: GroupJmete.ArtifactJmeter.SeleniumJmeter.<init>(java.lang.String)
2022-02-14 14:01:49,322 INFO o.a.j.t.JMeterThread: Thread is done: Thread Group 1-1
2022-02-14 14:01:49,322 INFO o.a.j.t.JMeterThread: Thread finished: Thread Group 1-1
2022-02-14 14:01:49,323 INFO o.a.j.e.StandardJMeterEngine: Notifying test listeners of end of test
2022-02-14 14:01:49,324 INFO o.a.j.g.u.JMeterMenuBar: setRunning(false, *local*)
2022-02-14 14:02:10,004 INFO o.a.j.e.StandardJMeterEngine: Running the test!
2022-02-14 14:02:10,005 INFO o.a.j.s.SampleEvent: List of sample_variables: []
2022-02-14 14:02:10,009 INFO o.a.j.g.u.JMeterMenuBar: setRunning(true, *local*)
2022-02-14 14:02:10,206 INFO o.a.j.e.StandardJMeterEngine: Starting ThreadGroup: 1 : Thread Group
2022-02-14 14:02:10,206 INFO o.a.j.e.StandardJMeterEngine: Starting 1 threads for group Thread Group.
2022-02-14 14:02:10,206 INFO o.a.j.e.StandardJMeterEngine: Thread will continue on error
2022-02-14 14:02:10,207 INFO o.a.j.t.ThreadGroup: Starting thread group... number=1 threads=1 ramp-up=1 delayedStart=false
2022-02-14 14:02:10,207 INFO o.a.j.t.ThreadGroup: Started thread group number 1
2022-02-14 14:02:10,208 INFO o.a.j.e.StandardJMeterEngine: All thread groups have been started
2022-02-14 14:02:10,221 INFO o.a.j.t.JMeterThread: Thread started: Thread Group 1-1
2022-02-14 14:02:10,224 INFO o.a.j.p.j.s.JUnitSampler: Trying to find constructor with one String parameter returned error: GroupJmete.ArtifactJmeter.SeleniumJmeter.<init>(java.lang.String)
2022-02-14 14:02:26,224 INFO o.a.j.t.JMeterThread: Thread is done: Thread Group 1-1
2022-02-14 14:02:26,224 INFO o.a.j.t.JMeterThread: Thread finished: Thread Group 1-1
2022-02-14 14:02:26,225 INFO o.a.j.e.StandardJMeterEngine: Notifying test listeners of end of test
2022-02-14 14:02:26,226 INFO o.a.j.g.u.JMeterMenuBar: setRunning(false, *local*)
2022-02-14 14:04:34,798 INFO o.a.j.e.StandardJMeterEngine: Running the test!
2022-02-14 14:04:34,799 INFO o.a.j.s.SampleEvent: List of sample_variables: []
2022-02-14 14:04:34,804 INFO o.a.j.g.u.JMeterMenuBar: setRunning(true, *local*)
2022-02-14 14:04:35,068 INFO o.a.j.e.StandardJMeterEngine: Starting ThreadGroup: 1 : Thread Group
2022-02-14 14:04:35,069 INFO o.a.j.e.StandardJMeterEngine: Starting 3 threads for group Thread Group.
2022-02-14 14:04:35,070 INFO o.a.j.e.StandardJMeterEngine: Thread will continue on error
2022-02-14 14:04:35,070 INFO o.a.j.t.ThreadGroup: Starting thread group... number=1 threads=3 ramp-up=1 delayedStart=false
2022-02-14 14:04:35,078 INFO o.a.j.t.ThreadGroup: Started thread group number 1
2022-02-14 14:04:35,078 INFO o.a.j.e.StandardJMeterEngine: All thread groups have been started
2022-02-14 14:04:35,083 INFO o.a.j.t.JMeterThread: Thread started: Thread Group 1-1
2022-02-14 14:04:35,087 INFO o.a.j.p.j.s.JUnitSampler: Trying to find constructor with one String parameter returned error: GroupJmete.ArtifactJmeter.SeleniumJmeter.<init>(java.lang.String)
2022-02-14 14:04:35,427 INFO o.a.j.t.JMeterThread: Thread started: Thread Group 1-2
2022-02-14 14:04:35,427 INFO o.a.j.p.j.s.JUnitSampler: Trying to find constructor with one String parameter returned error: GroupJmete.ArtifactJmeter.SeleniumJmeter.<init>(java.lang.String)
2022-02-14 14:04:35,752 INFO o.a.j.t.JMeterThread: Thread started: Thread Group 1-3
2022-02-14 14:04:35,754 INFO o.a.j.p.j.s.JUnitSampler: Trying to find constructor with one String parameter returned error: GroupJmete.ArtifactJmeter.SeleniumJmeter.<init>(java.lang.String)
2022-02-14 14:05:02,895 INFO o.a.j.t.JMeterThread: Thread is done: Thread Group 1-1
2022-02-14 14:05:02,895 INFO o.a.j.t.JMeterThread: Thread finished: Thread Group 1-1
2022-02-14 14:05:33,809 INFO o.a.j.t.JMeterThread: Thread is done: Thread Group 1-2
2022-02-14 14:05:33,809 INFO o.a.j.t.JMeterThread: Thread is done: Thread Group 1-3
2022-02-14 14:05:33,810 INFO o.a.j.t.JMeterThread: Thread finished: Thread Group 1-2
2022-02-14 14:05:33,810 INFO o.a.j.t.JMeterThread: Thread finished: Thread Group 1-3
2022-02-14 14:05:33,812 INFO o.a.j.e.StandardJMeterEngine: Notifying test listeners of end of test
2022-02-14 14:05:33,812 INFO o.a.j.g.u.JMeterMenuBar: setRunning(false, *local*)
2022-02-17 15:43:43,666 INFO o.a.j.e.StandardJMeterEngine: Running the test!
2022-02-17 15:43:43,835 INFO o.a.j.s.SampleEvent: List of sample_variables: []
2022-02-17 15:43:43,866 INFO o.a.j.g.u.JMeterMenuBar: setRunning(true, *local*)
2022-02-17 15:43:49,159 INFO o.a.j.e.StandardJMeterEngine: Starting ThreadGroup: 1 : Thread Group
2022-02-17 15:43:49,159 INFO o.a.j.e.StandardJMeterEngine: Starting 3 threads for group Thread Group.
2022-02-17 15:43:49,159 INFO o.a.j.e.StandardJMeterEngine: Thread will continue on error
2022-02-17 15:43:49,159 INFO o.a.j.t.ThreadGroup: Starting thread group... number=1 threads=3 ramp-up=1 delayedStart=false
2022-02-17 15:43:49,205 INFO o.a.j.t.ThreadGroup: Started thread group number 1
2022-02-17 15:43:49,221 INFO o.a.j.e.StandardJMeterEngine: All thread groups have been started
2022-02-17 15:43:49,320 INFO o.a.j.t.JMeterThread: Thread started: Thread Group 1-1
2022-02-17 15:43:49,334 INFO o.a.j.p.j.s.JUnitSampler: Trying to find constructor with one String parameter returned error: GroupJmete.ArtifactJmeter.SeleniumJmeter.<init>(java.lang.String)
2022-02-17 15:43:49,622 INFO o.a.j.t.JMeterThread: Thread started: Thread Group 1-2
2022-02-17 15:43:49,623 INFO o.a.j.p.j.s.JUnitSampler: Trying to find constructor with one String parameter returned error: GroupJmete.ArtifactJmeter.SeleniumJmeter.<init>(java.lang.String)
2022-02-17 15:43:49,994 INFO o.a.j.t.JMeterThread: Thread started: Thread Group 1-3
2022-02-17 15:43:49,994 INFO o.a.j.p.j.s.JUnitSampler: Trying to find constructor with one String parameter returned error: GroupJmete.ArtifactJmeter.SeleniumJmeter.<init>(java.lang.String)
2022-02-17 15:44:06,163 INFO o.a.j.t.JMeterThread: Thread is done: Thread Group 1-1
2022-02-17 15:44:06,163 INFO o.a.j.t.JMeterThread: Thread finished: Thread Group 1-1
2022-02-17 15:44:06,870 INFO o.a.j.t.JMeterThread: Thread is done: Thread Group 1-2
2022-02-17 15:44:06,870 INFO o.a.j.t.JMeterThread: Thread finished: Thread Group 1-2
2022-02-17 15:44:24,373 INFO o.a.j.g.a.Start: Shutting test down
2022-02-17 15:44:24,865 INFO o.a.j.t.JMeterThread: Stopping: Thread Group 1-3
2022-02-17 15:44:27,649 INFO o.a.j.g.a.Start: Stopping test
2022-02-17 15:44:27,841 INFO o.a.j.t.JMeterThread: Stopping: Thread Group 1-3
2022-02-17 15:44:27,841 WARN o.a.j.t.JMeterThread: Sampler is not Interruptible: JUnit Request
2022-02-17 15:44:27,892 INFO o.a.j.p.j.s.JUnitSampler: caught exception
java.lang.reflect.InvocationTargetException: null
	at sun.reflect.NativeMethodAccessorImpl.invoke0(Native Method) ~[?:1.8.0_311]
	at sun.reflect.NativeMethodAccessorImpl.invoke(Unknown Source) ~[?:1.8.0_311]
	at sun.reflect.DelegatingMethodAccessorImpl.invoke(Unknown Source) ~[?:1.8.0_311]
	at java.lang.reflect.Method.invoke(Unknown Source) ~[?:1.8.0_311]
	at org.apache.jmeter.protocol.java.sampler.JUnitSampler.sample(JUnitSampler.java:400) [ApacheJMeter_junit.jar:5.4.3]
	at org.apache.jmeter.threads.JMeterThread.doSampling(JMeterThread.java:638) [ApacheJMeter_core.jar:5.4.3]
	at org.apache.jmeter.threads.JMeterThread.executeSamplePackage(JMeterThread.java:558) [ApacheJMeter_core.jar:5.4.3]
	at org.apache.jmeter.threads.JMeterThread.processSampler(JMeterThread.java:489) [ApacheJMeter_core.jar:5.4.3]
	at org.apache.jmeter.threads.JMeterThread.run(JMeterThread.java:256) [ApacheJMeter_core.jar:5.4.3]
	at java.lang.Thread.run(Unknown Source) [?:1.8.0_311]
Caused by: org.openqa.selenium.WebDriverException: Timed out waiting for driver server to stop.
Build info: version: '4.1.2', revision: '9a5a329c5a'
System info: host: 'JJQK9HBA', ip: '10.128.226.54', os.name: 'Windows 10', os.arch: 'amd64', os.version: '10.0', java.version: '1.8.0_311'
Driver info: org.openqa.selenium.chrome.ChromeDriver
Command: [db3c0309d28278efa66605d38670a2e7, quit {}]
Capabilities {acceptInsecureCerts: false, browserName: chrome, browserVersion: 98.0.4758.81, chrome: {chromedriverVersion: 98.0.4758.80 (7f0488e8ba0d8..., userDataDir: C:\Selenium\BrowserProfile}, goog:chromeOptions: {debuggerAddress: localhost:65409}, javascriptEnabled: true, networkConnectionEnabled: false, pageLoadStrategy: normal, platform: WINDOWS, platformName: WINDOWS, proxy: Proxy(), se:cdp: ws://localhost:65409/devtoo..., se:cdpVersion: 98.0.4758.81, setWindowRect: true, strictFileInteractability: false, timeouts: {implicit: 0, pageLoad: 300000, script: 30000}, unhandledPromptBehavior: dismiss and notify, webauthn:extension:credBlob: true, webauthn:extension:largeBlob: true, webauthn:virtualAuthenticators: true}
Session ID: db3c0309d28278efa66605d38670a2e7
	at org.openqa.selenium.remote.service.DriverCommandExecutor.execute(DriverCommandExecutor.java:135) ~[selenium-server-4.1.2.jar:?]
	at org.openqa.selenium.remote.RemoteWebDriver.execute(RemoteWebDriver.java:558) ~[selenium-server-4.1.2.jar:?]
	at org.openqa.selenium.remote.RemoteWebDriver.execute(RemoteWebDriver.java:613) ~[selenium-server-4.1.2.jar:?]
	at org.openqa.selenium.remote.RemoteWebDriver.execute(RemoteWebDriver.java:617) ~[selenium-server-4.1.2.jar:?]
	at org.openqa.selenium.remote.RemoteWebDriver.quit(RemoteWebDriver.java:454) ~[selenium-server-4.1.2.jar:?]
	at org.openqa.selenium.chromium.ChromiumDriver.quit(ChromiumDriver.java:293) ~[selenium-server-4.1.2.jar:?]
	at GroupJmete.ArtifactJmeter.SeleniumJmeter.tearDown(SeleniumJmeter.java:31) ~[CiclePerformanceTest.jar:?]
	... 10 more
Caused by: java.lang.InterruptedException
	at java.util.concurrent.CompletableFuture.reportGet(Unknown Source) ~[?:1.8.0_311]
	at java.util.concurrent.CompletableFuture.get(Unknown Source) ~[?:1.8.0_311]
	at org.openqa.selenium.remote.service.DriverCommandExecutor.execute(DriverCommandExecutor.java:128) ~[selenium-server-4.1.2.jar:?]
	at org.openqa.selenium.remote.RemoteWebDriver.execute(RemoteWebDriver.java:558) ~[selenium-server-4.1.2.jar:?]
	at org.openqa.selenium.remote.RemoteWebDriver.execute(RemoteWebDriver.java:613) ~[selenium-server-4.1.2.jar:?]
	at org.openqa.selenium.remote.RemoteWebDriver.execute(RemoteWebDriver.java:617) ~[selenium-server-4.1.2.jar:?]
	at org.openqa.selenium.remote.RemoteWebDriver.quit(RemoteWebDriver.java:454) ~[selenium-server-4.1.2.jar:?]
	at org.openqa.selenium.chromium.ChromiumDriver.quit(ChromiumDriver.java:293) ~[selenium-server-4.1.2.jar:?]
	at GroupJmete.ArtifactJmeter.SeleniumJmeter.tearDown(SeleniumJmeter.java:31) ~[CiclePerformanceTest.jar:?]
	... 10 more
2022-02-17 15:44:28,260 INFO o.a.j.t.JMeterThread: Thread is done: Thread Group 1-3
2022-02-17 15:44:28,260 INFO o.a.j.t.JMeterThread: Thread finished: Thread Group 1-3
2022-02-17 15:44:28,260 INFO o.a.j.e.StandardJMeterEngine: Notifying test listeners of end of test
2022-02-17 15:44:28,260 INFO o.a.j.g.u.JMeterMenuBar: setRunning(false, *local*)
2022-02-17 15:44:45,235 INFO o.a.j.e.StandardJMeterEngine: Running the test!
2022-02-17 15:44:45,235 INFO o.a.j.s.SampleEvent: List of sample_variables: []
2022-02-17 15:44:45,235 INFO o.a.j.g.u.JMeterMenuBar: setRunning(true, *local*)
2022-02-17 15:44:45,489 INFO o.a.j.e.StandardJMeterEngine: Starting ThreadGroup: 1 : Thread Group
2022-02-17 15:44:45,489 INFO o.a.j.e.StandardJMeterEngine: Starting 1 threads for group Thread Group.
2022-02-17 15:44:45,489 INFO o.a.j.e.StandardJMeterEngine: Thread will continue on error
2022-02-17 15:44:45,489 INFO o.a.j.t.ThreadGroup: Starting thread group... number=1 threads=1 ramp-up=1 delayedStart=false
2022-02-17 15:44:45,489 INFO o.a.j.t.ThreadGroup: Started thread group number 1
2022-02-17 15:44:45,489 INFO o.a.j.e.StandardJMeterEngine: All thread groups have been started
2022-02-17 15:44:45,509 INFO o.a.j.t.JMeterThread: Thread started: Thread Group 1-1
2022-02-17 15:44:45,509 INFO o.a.j.p.j.s.JUnitSampler: Trying to find constructor with one String parameter returned error: GroupJmete.ArtifactJmeter.SeleniumJmeter.<init>(java.lang.String)
2022-02-17 15:44:58,520 INFO o.a.j.t.JMeterThread: Thread is done: Thread Group 1-1
2022-02-17 15:44:58,520 INFO o.a.j.t.JMeterThread: Thread finished: Thread Group 1-1
2022-02-17 15:44:58,520 INFO o.a.j.e.StandardJMeterEngine: Notifying test listeners of end of test
2022-02-17 15:44:58,520 INFO o.a.j.g.u.JMeterMenuBar: setRunning(false, *local*)
2022-02-17 15:49:09,027 INFO o.a.j.e.StandardJMeterEngine: Running the test!
2022-02-17 15:49:09,028 INFO o.a.j.s.SampleEvent: List of sample_variables: []
2022-02-17 15:49:09,039 INFO o.a.j.g.u.JMeterMenuBar: setRunning(true, *local*)
2022-02-17 15:49:09,262 INFO o.a.j.e.StandardJMeterEngine: Starting ThreadGroup: 1 : Thread Group
2022-02-17 15:49:09,262 INFO o.a.j.e.StandardJMeterEngine: Starting 1 threads for group Thread Group.
2022-02-17 15:49:09,263 INFO o.a.j.e.StandardJMeterEngine: Thread will continue on error
2022-02-17 15:49:09,263 INFO o.a.j.t.ThreadGroup: Starting thread group... number=1 threads=1 ramp-up=1 delayedStart=false
2022-02-17 15:49:09,263 INFO o.a.j.t.ThreadGroup: Started thread group number 1
2022-02-17 15:49:09,263 INFO o.a.j.e.StandardJMeterEngine: All thread groups have been started
2022-02-17 15:49:09,265 INFO o.a.j.t.JMeterThread: Thread started: Thread Group 1-1
2022-02-17 15:49:09,265 INFO o.a.j.p.j.s.JUnitSampler: Trying to find constructor with one String parameter returned error: GroupJmete.ArtifactJmeter.SeleniumJmeter.<init>(java.lang.String)
2022-02-17 15:49:27,933 INFO o.a.j.t.JMeterThread: Thread is done: Thread Group 1-1
2022-02-17 15:49:27,933 INFO o.a.j.t.JMeterThread: Thread finished: Thread Group 1-1
2022-02-17 15:49:27,934 INFO o.a.j.e.StandardJMeterEngine: Notifying test listeners of end of test
2022-02-17 15:49:27,936 INFO o.a.j.g.u.JMeterMenuBar: setRunning(false, *local*)
2022-02-17 15:49:49,309 INFO o.a.j.e.StandardJMeterEngine: Running the test!
2022-02-17 15:49:49,382 INFO o.a.j.s.SampleEvent: List of sample_variables: []
2022-02-17 15:49:49,387 INFO o.a.j.g.u.JMeterMenuBar: setRunning(true, *local*)
2022-02-17 15:49:49,629 INFO o.a.j.e.StandardJMeterEngine: Starting ThreadGroup: 1 : Thread Group
2022-02-17 15:49:49,629 INFO o.a.j.e.StandardJMeterEngine: Starting 1 threads for group Thread Group.
2022-02-17 15:49:49,629 INFO o.a.j.e.StandardJMeterEngine: Thread will continue on error
2022-02-17 15:49:49,630 INFO o.a.j.t.ThreadGroup: Starting thread group... number=1 threads=1 ramp-up=1 delayedStart=false
2022-02-17 15:49:49,631 INFO o.a.j.t.ThreadGroup: Started thread group number 1
2022-02-17 15:49:49,631 INFO o.a.j.e.StandardJMeterEngine: All thread groups have been started
2022-02-17 15:49:49,635 INFO o.a.j.t.JMeterThread: Thread started: Thread Group 1-1
2022-02-17 15:49:49,635 INFO o.a.j.p.j.s.JUnitSampler: Trying to find constructor with one String parameter returned error: GroupJmete.ArtifactJmeter.SeleniumJmeter.<init>(java.lang.String)
2022-02-17 15:50:22,218 INFO o.a.j.t.JMeterThread: Thread is done: Thread Group 1-1
2022-02-17 15:50:22,219 INFO o.a.j.t.JMeterThread: Thread finished: Thread Group 1-1
2022-02-17 15:50:22,223 INFO o.a.j.e.StandardJMeterEngine: Notifying test listeners of end of test
2022-02-17 15:50:22,228 INFO o.a.j.g.u.JMeterMenuBar: setRunning(false, *local*)
2022-02-17 15:52:23,586 INFO o.a.j.g.a.Load: Loading file: C:\Users\Administrator\Documents\Summary Report.jmx
2022-02-17 15:52:23,586 INFO o.a.j.s.FileServer: Set new base='C:\Users\Administrator\Documents'
2022-02-17 15:52:23,586 INFO o.a.j.s.SaveService: Loading file: C:\Users\Administrator\Documents\Summary Report.jmx
2022-02-17 15:52:23,586 WARN o.a.j.g.a.Load: Error reading file. java.io.FileNotFoundException: C:\Users\Administrator\Documents\Summary Report.jmx (The system cannot find the file specified)
2022-02-17 15:52:23,586 ERROR o.a.j.u.JMeterUtils: C:\Users\Administrator\Documents\Summary Report.jmx (The system cannot find the file specified)
2022-02-17 15:52:38,752 INFO o.a.j.g.a.Load: Loading file: D:\Cilsy\Sekolah QA Engineer\BigProject_Wahyu\apache-jmeter-5.4.3\bin\JUnit Request.jmx
2022-02-17 15:52:38,752 INFO o.a.j.s.FileServer: Set new base='D:\Cilsy\Sekolah QA Engineer\BigProject_Wahyu\apache-jmeter-5.4.3\bin'
2022-02-17 15:52:38,752 INFO o.a.j.s.SaveService: Loading file: D:\Cilsy\Sekolah QA Engineer\BigProject_Wahyu\apache-jmeter-5.4.3\bin\JUnit Request.jmx
2022-02-17 15:52:39,002 INFO o.a.j.s.FileServer: Set new base='D:\Cilsy\Sekolah QA Engineer\BigProject_Wahyu\apache-jmeter-5.4.3\bin'
2022-02-17 15:52:53,657 INFO o.a.j.e.StandardJMeterEngine: Running the test!
2022-02-17 15:52:53,657 INFO o.a.j.s.SampleEvent: List of sample_variables: []
2022-02-17 15:52:53,672 INFO o.a.j.g.u.JMeterMenuBar: setRunning(true, *local*)
2022-02-17 15:52:54,076 INFO o.a.j.e.StandardJMeterEngine: Starting ThreadGroup: 1 : Thread Group
2022-02-17 15:52:54,076 INFO o.a.j.e.StandardJMeterEngine: Starting 1 threads for group Thread Group.
2022-02-17 15:52:54,076 INFO o.a.j.e.StandardJMeterEngine: Thread will continue on error
2022-02-17 15:52:54,076 INFO o.a.j.t.ThreadGroup: Starting thread group... number=1 threads=1 ramp-up=1 delayedStart=false
2022-02-17 15:52:54,076 INFO o.a.j.t.ThreadGroup: Started thread group number 1
2022-02-17 15:52:54,076 INFO o.a.j.e.StandardJMeterEngine: All thread groups have been started
2022-02-17 15:52:54,123 INFO o.a.j.t.JMeterThread: Thread started: Thread Group 1-1
2022-02-17 15:52:54,123 INFO o.a.j.p.j.s.JUnitSampler: Trying to find constructor with one String parameter returned error: GroupJmete.ArtifactJmeter.SeleniumJmeter.<init>(java.lang.String)
2022-02-17 15:53:07,152 INFO o.a.j.t.JMeterThread: Thread is done: Thread Group 1-1
2022-02-17 15:53:07,152 INFO o.a.j.t.JMeterThread: Thread finished: Thread Group 1-1
2022-02-17 15:53:07,152 INFO o.a.j.e.StandardJMeterEngine: Notifying test listeners of end of test
2022-02-17 15:53:07,152 INFO o.a.j.g.u.JMeterMenuBar: setRunning(false, *local*)
2022-02-17 15:53:14,207 INFO o.a.j.e.StandardJMeterEngine: Running the test!
2022-02-17 15:53:14,207 INFO o.a.j.s.SampleEvent: List of sample_variables: []
2022-02-17 15:53:14,223 INFO o.a.j.g.u.JMeterMenuBar: setRunning(true, *local*)
2022-02-17 15:53:14,398 INFO o.a.j.e.StandardJMeterEngine: Starting ThreadGroup: 1 : Thread Group
2022-02-17 15:53:14,398 INFO o.a.j.e.StandardJMeterEngine: Starting 1 threads for group Thread Group.
2022-02-17 15:53:14,398 INFO o.a.j.e.StandardJMeterEngine: Thread will continue on error
2022-02-17 15:53:14,398 INFO o.a.j.t.ThreadGroup: Starting thread group... number=1 threads=1 ramp-up=1 delayedStart=false
2022-02-17 15:53:14,399 INFO o.a.j.t.ThreadGroup: Started thread group number 1
2022-02-17 15:53:14,399 INFO o.a.j.e.StandardJMeterEngine: All thread groups have been started
2022-02-17 15:53:14,400 INFO o.a.j.t.JMeterThread: Thread started: Thread Group 1-1
2022-02-17 15:53:14,401 INFO o.a.j.p.j.s.JUnitSampler: Trying to find constructor with one String parameter returned error: GroupJmete.ArtifactJmeter.SeleniumJmeter.<init>(java.lang.String)
2022-02-17 15:53:27,076 INFO o.a.j.t.JMeterThread: Thread is done: Thread Group 1-1
2022-02-17 15:53:27,076 INFO o.a.j.t.JMeterThread: Thread finished: Thread Group 1-1
2022-02-17 15:53:27,076 INFO o.a.j.e.StandardJMeterEngine: Notifying test listeners of end of test
2022-02-17 15:53:27,076 INFO o.a.j.g.u.JMeterMenuBar: setRunning(false, *local*)
2022-02-17 15:53:34,311 INFO o.a.j.e.StandardJMeterEngine: Running the test!
2022-02-17 15:53:34,311 INFO o.a.j.s.SampleEvent: List of sample_variables: []
2022-02-17 15:53:34,358 INFO o.a.j.g.u.JMeterMenuBar: setRunning(true, *local*)
2022-02-17 15:53:34,550 INFO o.a.j.e.StandardJMeterEngine: Starting ThreadGroup: 1 : Thread Group
2022-02-17 15:53:34,550 INFO o.a.j.e.StandardJMeterEngine: Starting 1 threads for group Thread Group.
2022-02-17 15:53:34,550 INFO o.a.j.e.StandardJMeterEngine: Thread will continue on error
2022-02-17 15:53:34,550 INFO o.a.j.t.ThreadGroup: Starting thread group... number=1 threads=1 ramp-up=1 delayedStart=false
2022-02-17 15:53:34,551 INFO o.a.j.t.ThreadGroup: Started thread group number 1
2022-02-17 15:53:34,551 INFO o.a.j.e.StandardJMeterEngine: All thread groups have been started
2022-02-17 15:53:34,571 INFO o.a.j.t.JMeterThread: Thread started: Thread Group 1-1
2022-02-17 15:53:34,573 INFO o.a.j.p.j.s.JUnitSampler: Trying to find constructor with one String parameter returned error: GroupJmete.ArtifactJmeter.SeleniumJmeter.<init>(java.lang.String)
2022-02-17 15:53:46,446 INFO o.a.j.t.JMeterThread: Thread is done: Thread Group 1-1
2022-02-17 15:53:46,446 INFO o.a.j.t.JMeterThread: Thread finished: Thread Group 1-1
2022-02-17 15:53:46,446 INFO o.a.j.e.StandardJMeterEngine: Notifying test listeners of end of test
2022-02-17 15:53:46,446 INFO o.a.j.g.u.JMeterMenuBar: setRunning(false, *local*)
2022-02-17 15:54:02,291 INFO o.a.j.e.StandardJMeterEngine: Running the test!
2022-02-17 15:54:02,291 INFO o.a.j.s.SampleEvent: List of sample_variables: []
2022-02-17 15:54:02,307 INFO o.a.j.g.u.JMeterMenuBar: setRunning(true, *local*)
2022-02-17 15:54:02,478 INFO o.a.j.e.StandardJMeterEngine: Starting ThreadGroup: 1 : Thread Group
2022-02-17 15:54:02,478 INFO o.a.j.e.StandardJMeterEngine: Starting 1 threads for group Thread Group.
2022-02-17 15:54:02,478 INFO o.a.j.e.StandardJMeterEngine: Thread will continue on error
2022-02-17 15:54:02,478 INFO o.a.j.t.ThreadGroup: Starting thread group... number=1 threads=1 ramp-up=1 delayedStart=false
2022-02-17 15:54:02,478 INFO o.a.j.t.ThreadGroup: Started thread group number 1
2022-02-17 15:54:02,478 INFO o.a.j.e.StandardJMeterEngine: All thread groups have been started
2022-02-17 15:54:02,587 INFO o.a.j.t.JMeterThread: Thread started: Thread Group 1-1
2022-02-17 15:54:02,587 INFO o.a.j.p.j.s.JUnitSampler: Trying to find constructor with one String parameter returned error: GroupJmete.ArtifactJmeter.SeleniumJmeter.<init>(java.lang.String)
2022-02-17 15:54:16,054 INFO o.a.j.t.JMeterThread: Thread is done: Thread Group 1-1
2022-02-17 15:54:16,054 INFO o.a.j.t.JMeterThread: Thread finished: Thread Group 1-1
2022-02-17 15:54:16,054 INFO o.a.j.e.StandardJMeterEngine: Notifying test listeners of end of test
2022-02-17 15:54:16,054 INFO o.a.j.g.u.JMeterMenuBar: setRunning(false, *local*)
2022-02-17 15:54:19,303 INFO o.a.j.e.StandardJMeterEngine: Running the test!
2022-02-17 15:54:19,303 INFO o.a.j.s.SampleEvent: List of sample_variables: []
2022-02-17 15:54:19,303 INFO o.a.j.g.u.JMeterMenuBar: setRunning(true, *local*)
2022-02-17 15:54:19,464 INFO o.a.j.e.StandardJMeterEngine: Starting ThreadGroup: 1 : Thread Group
2022-02-17 15:54:19,474 INFO o.a.j.e.StandardJMeterEngine: Starting 1 threads for group Thread Group.
2022-02-17 15:54:19,474 INFO o.a.j.e.StandardJMeterEngine: Thread will continue on error
2022-02-17 15:54:19,474 INFO o.a.j.t.ThreadGroup: Starting thread group... number=1 threads=1 ramp-up=1 delayedStart=false
2022-02-17 15:54:19,474 INFO o.a.j.t.ThreadGroup: Started thread group number 1
2022-02-17 15:54:19,474 INFO o.a.j.e.StandardJMeterEngine: All thread groups have been started
2022-02-17 15:54:19,474 INFO o.a.j.t.JMeterThread: Thread started: Thread Group 1-1
2022-02-17 15:54:19,474 INFO o.a.j.p.j.s.JUnitSampler: Trying to find constructor with one String parameter returned error: GroupJmete.ArtifactJmeter.SeleniumJmeter.<init>(java.lang.String)
2022-02-17 15:54:32,210 INFO o.a.j.t.JMeterThread: Thread is done: Thread Group 1-1
2022-02-17 15:54:32,210 INFO o.a.j.t.JMeterThread: Thread finished: Thread Group 1-1
2022-02-17 15:54:32,210 INFO o.a.j.e.StandardJMeterEngine: Notifying test listeners of end of test
2022-02-17 15:54:32,210 INFO o.a.j.g.u.JMeterMenuBar: setRunning(false, *local*)
2022-02-17 15:54:37,708 INFO o.a.j.e.StandardJMeterEngine: Running the test!
2022-02-17 15:54:37,708 INFO o.a.j.s.SampleEvent: List of sample_variables: []
2022-02-17 15:54:37,708 INFO o.a.j.g.u.JMeterMenuBar: setRunning(true, *local*)
2022-02-17 15:54:37,911 INFO o.a.j.e.StandardJMeterEngine: Starting ThreadGroup: 1 : Thread Group
2022-02-17 15:54:37,911 INFO o.a.j.e.StandardJMeterEngine: Starting 1 threads for group Thread Group.
2022-02-17 15:54:37,911 INFO o.a.j.e.StandardJMeterEngine: Thread will continue on error
2022-02-17 15:54:37,911 INFO o.a.j.t.ThreadGroup: Starting thread group... number=1 threads=1 ramp-up=1 delayedStart=false
2022-02-17 15:54:37,911 INFO o.a.j.t.ThreadGroup: Started thread group number 1
2022-02-17 15:54:37,911 INFO o.a.j.e.StandardJMeterEngine: All thread groups have been started
2022-02-17 15:54:37,931 INFO o.a.j.t.JMeterThread: Thread started: Thread Group 1-1
2022-02-17 15:54:37,931 INFO o.a.j.p.j.s.JUnitSampler: Trying to find constructor with one String parameter returned error: GroupJmete.ArtifactJmeter.SeleniumJmeter.<init>(java.lang.String)
2022-02-17 15:54:51,666 INFO o.a.j.t.JMeterThread: Thread is done: Thread Group 1-1
2022-02-17 15:54:51,666 INFO o.a.j.t.JMeterThread: Thread finished: Thread Group 1-1
2022-02-17 15:54:51,666 INFO o.a.j.e.StandardJMeterEngine: Notifying test listeners of end of test
2022-02-17 15:54:51,666 INFO o.a.j.g.u.JMeterMenuBar: setRunning(false, *local*)
2022-02-17 15:55:19,219 INFO o.a.j.e.StandardJMeterEngine: Running the test!
2022-02-17 15:55:19,219 INFO o.a.j.s.SampleEvent: List of sample_variables: []
2022-02-17 15:55:19,235 INFO o.a.j.g.u.JMeterMenuBar: setRunning(true, *local*)
2022-02-17 15:55:19,406 INFO o.a.j.e.StandardJMeterEngine: Starting ThreadGroup: 1 : Thread Group
2022-02-17 15:55:19,406 INFO o.a.j.e.StandardJMeterEngine: Starting 1 threads for group Thread Group.
2022-02-17 15:55:19,406 INFO o.a.j.e.StandardJMeterEngine: Thread will continue on error
2022-02-17 15:55:19,406 INFO o.a.j.t.ThreadGroup: Starting thread group... number=1 threads=1 ramp-up=1 delayedStart=false
2022-02-17 15:55:19,406 INFO o.a.j.t.ThreadGroup: Started thread group number 1
2022-02-17 15:55:19,406 INFO o.a.j.e.StandardJMeterEngine: All thread groups have been started
2022-02-17 15:55:19,416 INFO o.a.j.t.JMeterThread: Thread started: Thread Group 1-1
2022-02-17 15:55:19,416 INFO o.a.j.p.j.s.JUnitSampler: Trying to find constructor with one String parameter returned error: GroupJmete.ArtifactJmeter.SeleniumJmeter.<init>(java.lang.String)
2022-02-17 15:55:31,767 INFO o.a.j.t.JMeterThread: Thread is done: Thread Group 1-1
2022-02-17 15:55:31,767 INFO o.a.j.t.JMeterThread: Thread finished: Thread Group 1-1
2022-02-17 15:55:31,767 INFO o.a.j.e.StandardJMeterEngine: Notifying test listeners of end of test
2022-02-17 15:55:31,767 INFO o.a.j.g.u.JMeterMenuBar: setRunning(false, *local*)
2022-02-17 15:55:36,649 INFO o.a.j.e.StandardJMeterEngine: Running the test!
2022-02-17 15:55:36,649 INFO o.a.j.s.SampleEvent: List of sample_variables: []
2022-02-17 15:55:36,665 INFO o.a.j.g.u.JMeterMenuBar: setRunning(true, *local*)
2022-02-17 15:55:36,831 INFO o.a.j.e.StandardJMeterEngine: Starting ThreadGroup: 1 : Thread Group
2022-02-17 15:55:36,831 INFO o.a.j.e.StandardJMeterEngine: Starting 1 threads for group Thread Group.
2022-02-17 15:55:36,831 INFO o.a.j.e.StandardJMeterEngine: Thread will continue on error
2022-02-17 15:55:36,831 INFO o.a.j.t.ThreadGroup: Starting thread group... number=1 threads=1 ramp-up=1 delayedStart=false
2022-02-17 15:55:36,839 INFO o.a.j.t.ThreadGroup: Started thread group number 1
2022-02-17 15:55:36,841 INFO o.a.j.e.StandardJMeterEngine: All thread groups have been started
2022-02-17 15:55:36,841 INFO o.a.j.t.JMeterThread: Thread started: Thread Group 1-1
2022-02-17 15:55:36,849 INFO o.a.j.p.j.s.JUnitSampler: Trying to find constructor with one String parameter returned error: GroupJmete.ArtifactJmeter.SeleniumJmeter.<init>(java.lang.String)
2022-02-17 15:55:49,940 INFO o.a.j.t.JMeterThread: Thread is done: Thread Group 1-1
2022-02-17 15:55:49,940 INFO o.a.j.t.JMeterThread: Thread finished: Thread Group 1-1
2022-02-17 15:55:49,940 INFO o.a.j.e.StandardJMeterEngine: Notifying test listeners of end of test
2022-02-17 15:55:49,940 INFO o.a.j.g.u.JMeterMenuBar: setRunning(false, *local*)
2022-02-17 15:56:41,528 INFO o.a.j.e.StandardJMeterEngine: Running the test!
2022-02-17 15:56:41,528 INFO o.a.j.s.SampleEvent: List of sample_variables: []
2022-02-17 15:56:41,536 INFO o.a.j.g.u.JMeterMenuBar: setRunning(true, *local*)
2022-02-17 15:56:41,808 INFO o.a.j.e.StandardJMeterEngine: Starting ThreadGroup: 1 : Thread Group
2022-02-17 15:56:41,808 INFO o.a.j.e.StandardJMeterEngine: Starting 1 threads for group Thread Group.
2022-02-17 15:56:41,808 INFO o.a.j.e.StandardJMeterEngine: Thread will continue on error
2022-02-17 15:56:41,808 INFO o.a.j.t.ThreadGroup: Starting thread group... number=1 threads=1 ramp-up=1 delayedStart=false
2022-02-17 15:56:41,808 INFO o.a.j.t.ThreadGroup: Started thread group number 1
2022-02-17 15:56:41,808 INFO o.a.j.e.StandardJMeterEngine: All thread groups have been started
2022-02-17 15:56:41,810 INFO o.a.j.t.JMeterThread: Thread started: Thread Group 1-1
2022-02-17 15:56:41,820 INFO o.a.j.p.j.s.JUnitSampler: Trying to find constructor with one String parameter returned error: GroupJmete.ArtifactJmeter.SeleniumJmeter.<init>(java.lang.String)
2022-02-17 15:56:53,702 INFO o.a.j.t.JMeterThread: Thread is done: Thread Group 1-1
2022-02-17 15:56:53,702 INFO o.a.j.t.JMeterThread: Thread finished: Thread Group 1-1
2022-02-17 15:56:53,702 INFO o.a.j.e.StandardJMeterEngine: Notifying test listeners of end of test
2022-02-17 15:56:53,702 INFO o.a.j.g.u.JMeterMenuBar: setRunning(false, *local*)
2022-02-17 16:14:23,727 INFO o.a.j.e.StandardJMeterEngine: Running the test!
2022-02-17 16:14:23,727 INFO o.a.j.s.SampleEvent: List of sample_variables: []
2022-02-17 16:14:23,812 INFO o.a.j.g.u.JMeterMenuBar: setRunning(true, *local*)
2022-02-17 16:14:24,019 INFO o.a.j.e.StandardJMeterEngine: Starting ThreadGroup: 1 : Thread Group
2022-02-17 16:14:24,019 INFO o.a.j.e.StandardJMeterEngine: Starting 1 threads for group Thread Group.
2022-02-17 16:14:24,019 INFO o.a.j.e.StandardJMeterEngine: Thread will continue on error
2022-02-17 16:14:24,019 INFO o.a.j.t.ThreadGroup: Starting thread group... number=1 threads=1 ramp-up=1 delayedStart=false
2022-02-17 16:14:24,028 INFO o.a.j.t.ThreadGroup: Started thread group number 1
2022-02-17 16:14:24,028 INFO o.a.j.e.StandardJMeterEngine: All thread groups have been started
2022-02-17 16:14:24,040 INFO o.a.j.t.JMeterThread: Thread started: Thread Group 1-1
2022-02-17 16:14:24,050 INFO o.a.j.p.j.s.JUnitSampler: Trying to find constructor with one String parameter returned error: GroupJmete.ArtifactJmeter.SeleniumJmeter.<init>(java.lang.String)
2022-02-17 16:14:36,091 INFO o.a.j.t.JMeterThread: Thread is done: Thread Group 1-1
2022-02-17 16:14:36,091 INFO o.a.j.t.JMeterThread: Thread finished: Thread Group 1-1
2022-02-17 16:14:36,091 INFO o.a.j.e.StandardJMeterEngine: Notifying test listeners of end of test
2022-02-17 16:14:36,091 INFO o.a.j.g.u.JMeterMenuBar: setRunning(false, *local*)
2022-02-17 16:18:37,808 INFO o.a.j.e.StandardJMeterEngine: Running the test!
2022-02-17 16:18:37,808 INFO o.a.j.s.SampleEvent: List of sample_variables: []
2022-02-17 16:18:37,808 INFO o.a.j.g.u.JMeterMenuBar: setRunning(true, *local*)
2022-02-17 16:18:38,021 INFO o.a.j.e.StandardJMeterEngine: Starting ThreadGroup: 1 : Thread Group
2022-02-17 16:18:38,021 INFO o.a.j.e.StandardJMeterEngine: Starting 1 threads for group Thread Group.
2022-02-17 16:18:38,021 INFO o.a.j.e.StandardJMeterEngine: Thread will continue on error
2022-02-17 16:18:38,021 INFO o.a.j.t.ThreadGroup: Starting thread group... number=1 threads=1 ramp-up=1 delayedStart=false
2022-02-17 16:18:38,021 INFO o.a.j.t.ThreadGroup: Started thread group number 1
2022-02-17 16:18:38,029 INFO o.a.j.e.StandardJMeterEngine: All thread groups have been started
2022-02-17 16:18:38,031 INFO o.a.j.t.JMeterThread: Thread started: Thread Group 1-1
2022-02-17 16:18:38,031 INFO o.a.j.p.j.s.JUnitSampler: Trying to find constructor with one String parameter returned error: GroupJmete.ArtifactJmeter.SeleniumJmeter.<init>(java.lang.String)
2022-02-17 16:18:50,826 INFO o.a.j.t.JMeterThread: Thread is done: Thread Group 1-1
2022-02-17 16:18:50,828 INFO o.a.j.t.JMeterThread: Thread finished: Thread Group 1-1
2022-02-17 16:18:50,828 INFO o.a.j.e.StandardJMeterEngine: Notifying test listeners of end of test
2022-02-17 16:18:50,828 INFO o.a.j.g.u.JMeterMenuBar: setRunning(false, *local*)
2022-02-17 16:19:03,504 INFO o.a.j.e.StandardJMeterEngine: Running the test!
2022-02-17 16:19:03,504 INFO o.a.j.s.SampleEvent: List of sample_variables: []
2022-02-17 16:19:03,519 INFO o.a.j.g.u.JMeterMenuBar: setRunning(true, *local*)
2022-02-17 16:19:03,723 INFO o.a.j.e.StandardJMeterEngine: Starting ThreadGroup: 1 : Thread Group
2022-02-17 16:19:03,723 INFO o.a.j.e.StandardJMeterEngine: Starting 1 threads for group Thread Group.
2022-02-17 16:19:03,723 INFO o.a.j.e.StandardJMeterEngine: Thread will continue on error
2022-02-17 16:19:03,723 INFO o.a.j.t.ThreadGroup: Starting thread group... number=1 threads=1 ramp-up=1 delayedStart=false
2022-02-17 16:19:03,723 INFO o.a.j.t.ThreadGroup: Started thread group number 1
2022-02-17 16:19:03,723 INFO o.a.j.e.StandardJMeterEngine: All thread groups have been started
2022-02-17 16:19:03,731 INFO o.a.j.t.JMeterThread: Thread started: Thread Group 1-1
2022-02-17 16:19:03,733 INFO o.a.j.p.j.s.JUnitSampler: Trying to find constructor with one String parameter returned error: GroupJmete.ArtifactJmeter.SeleniumJmeter.<init>(java.lang.String)
2022-02-17 16:19:15,440 INFO o.a.j.t.JMeterThread: Thread is done: Thread Group 1-1
2022-02-17 16:19:15,440 INFO o.a.j.t.JMeterThread: Thread finished: Thread Group 1-1
2022-02-17 16:19:15,440 INFO o.a.j.e.StandardJMeterEngine: Notifying test listeners of end of test
2022-02-17 16:19:15,440 INFO o.a.j.g.u.JMeterMenuBar: setRunning(false, *local*)
2022-02-17 16:19:18,116 INFO o.a.j.e.StandardJMeterEngine: Running the test!
2022-02-17 16:19:18,116 INFO o.a.j.s.SampleEvent: List of sample_variables: []
2022-02-17 16:19:18,132 INFO o.a.j.g.u.JMeterMenuBar: setRunning(true, *local*)
2022-02-17 16:19:18,300 INFO o.a.j.e.StandardJMeterEngine: Starting ThreadGroup: 1 : Thread Group
2022-02-17 16:19:18,300 INFO o.a.j.e.StandardJMeterEngine: Starting 1 threads for group Thread Group.
2022-02-17 16:19:18,300 INFO o.a.j.e.StandardJMeterEngine: Thread will continue on error
2022-02-17 16:19:18,300 INFO o.a.j.t.ThreadGroup: Starting thread group... number=1 threads=1 ramp-up=1 delayedStart=false
2022-02-17 16:19:18,300 INFO o.a.j.t.ThreadGroup: Started thread group number 1
2022-02-17 16:19:18,300 INFO o.a.j.e.StandardJMeterEngine: All thread groups have been started
2022-02-17 16:19:18,310 INFO o.a.j.t.JMeterThread: Thread started: Thread Group 1-1
2022-02-17 16:19:18,310 INFO o.a.j.p.j.s.JUnitSampler: Trying to find constructor with one String parameter returned error: GroupJmete.ArtifactJmeter.SeleniumJmeter.<init>(java.lang.String)
2022-02-17 16:19:30,150 INFO o.a.j.t.JMeterThread: Thread is done: Thread Group 1-1
2022-02-17 16:19:30,150 INFO o.a.j.t.JMeterThread: Thread finished: Thread Group 1-1
2022-02-17 16:19:30,150 INFO o.a.j.e.StandardJMeterEngine: Notifying test listeners of end of test
2022-02-17 16:19:30,150 INFO o.a.j.g.u.JMeterMenuBar: setRunning(false, *local*)
2022-02-17 16:19:37,755 INFO o.a.j.e.StandardJMeterEngine: Running the test!
2022-02-17 16:19:37,755 INFO o.a.j.s.SampleEvent: List of sample_variables: []
2022-02-17 16:19:37,755 INFO o.a.j.g.u.JMeterMenuBar: setRunning(true, *local*)
2022-02-17 16:19:37,947 INFO o.a.j.e.StandardJMeterEngine: Starting ThreadGroup: 1 : Thread Group
2022-02-17 16:19:37,947 INFO o.a.j.e.StandardJMeterEngine: Starting 1 threads for group Thread Group.
2022-02-17 16:19:37,947 INFO o.a.j.e.StandardJMeterEngine: Thread will continue on error
2022-02-17 16:19:37,947 INFO o.a.j.t.ThreadGroup: Starting thread group... number=1 threads=1 ramp-up=1 delayedStart=false
2022-02-17 16:19:37,947 INFO o.a.j.t.ThreadGroup: Started thread group number 1
2022-02-17 16:19:37,947 INFO o.a.j.e.StandardJMeterEngine: All thread groups have been started
2022-02-17 16:19:37,957 INFO o.a.j.t.JMeterThread: Thread started: Thread Group 1-1
2022-02-17 16:19:37,957 INFO o.a.j.p.j.s.JUnitSampler: Trying to find constructor with one String parameter returned error: GroupJmete.ArtifactJmeter.SeleniumJmeter.<init>(java.lang.String)
2022-02-17 16:19:49,745 INFO o.a.j.t.JMeterThread: Thread is done: Thread Group 1-1
2022-02-17 16:19:49,745 INFO o.a.j.t.JMeterThread: Thread finished: Thread Group 1-1
2022-02-17 16:19:49,745 INFO o.a.j.e.StandardJMeterEngine: Notifying test listeners of end of test
2022-02-17 16:19:49,745 INFO o.a.j.g.u.JMeterMenuBar: setRunning(false, *local*)
2022-02-17 16:23:11,953 INFO o.a.j.e.StandardJMeterEngine: Running the test!
2022-02-17 16:23:11,953 INFO o.a.j.s.SampleEvent: List of sample_variables: []
2022-02-17 16:23:11,953 INFO o.a.j.g.u.JMeterMenuBar: setRunning(true, *local*)
2022-02-17 16:23:12,146 INFO o.a.j.e.StandardJMeterEngine: Starting ThreadGroup: 1 : Thread Group
2022-02-17 16:23:12,146 INFO o.a.j.e.StandardJMeterEngine: Starting 1 threads for group Thread Group.
2022-02-17 16:23:12,146 INFO o.a.j.e.StandardJMeterEngine: Thread will continue on error
2022-02-17 16:23:12,154 INFO o.a.j.t.ThreadGroup: Starting thread group... number=1 threads=1 ramp-up=1 delayedStart=false
2022-02-17 16:23:12,156 INFO o.a.j.t.ThreadGroup: Started thread group number 1
2022-02-17 16:23:12,156 INFO o.a.j.e.StandardJMeterEngine: All thread groups have been started
2022-02-17 16:23:12,176 INFO o.a.j.t.JMeterThread: Thread started: Thread Group 1-1
2022-02-17 16:23:12,176 INFO o.a.j.p.j.s.JUnitSampler: Trying to find constructor with one String parameter returned error: GroupJmete.ArtifactJmeter.SeleniumJmeter.<init>(java.lang.String)
2022-02-17 16:23:24,284 INFO o.a.j.t.JMeterThread: Thread is done: Thread Group 1-1
2022-02-17 16:23:24,284 INFO o.a.j.t.JMeterThread: Thread finished: Thread Group 1-1
2022-02-17 16:23:24,284 INFO o.a.j.e.StandardJMeterEngine: Notifying test listeners of end of test
2022-02-17 16:23:24,284 INFO o.a.j.g.u.JMeterMenuBar: setRunning(false, *local*)
2022-02-17 16:23:40,285 INFO o.a.j.e.StandardJMeterEngine: Running the test!
2022-02-17 16:23:40,285 INFO o.a.j.s.SampleEvent: List of sample_variables: []
2022-02-17 16:23:40,285 INFO o.a.j.g.u.JMeterMenuBar: setRunning(true, *local*)
2022-02-17 16:23:40,463 INFO o.a.j.e.StandardJMeterEngine: Starting ThreadGroup: 1 : Thread Group
2022-02-17 16:23:40,463 INFO o.a.j.e.StandardJMeterEngine: Starting 1 threads for group Thread Group.
2022-02-17 16:23:40,463 INFO o.a.j.e.StandardJMeterEngine: Thread will continue on error
2022-02-17 16:23:40,463 INFO o.a.j.t.ThreadGroup: Starting thread group... number=1 threads=1 ramp-up=1 delayedStart=false
2022-02-17 16:23:40,471 INFO o.a.j.t.ThreadGroup: Started thread group number 1
2022-02-17 16:23:40,471 INFO o.a.j.e.StandardJMeterEngine: All thread groups have been started
2022-02-17 16:23:40,481 INFO o.a.j.t.JMeterThread: Thread started: Thread Group 1-1
2022-02-17 16:23:40,481 INFO o.a.j.p.j.s.JUnitSampler: Trying to find constructor with one String parameter returned error: GroupJmete.ArtifactJmeter.SeleniumJmeter.<init>(java.lang.String)
2022-02-17 16:23:52,717 INFO o.a.j.t.JMeterThread: Thread is done: Thread Group 1-1
2022-02-17 16:23:52,717 INFO o.a.j.t.JMeterThread: Thread finished: Thread Group 1-1
2022-02-17 16:23:52,717 INFO o.a.j.e.StandardJMeterEngine: Notifying test listeners of end of test
2022-02-17 16:23:52,717 INFO o.a.j.g.u.JMeterMenuBar: setRunning(false, *local*)
2022-02-17 16:24:47,142 INFO o.a.j.e.StandardJMeterEngine: Running the test!
2022-02-17 16:24:47,142 INFO o.a.j.s.SampleEvent: List of sample_variables: []
2022-02-17 16:24:47,142 INFO o.a.j.g.u.JMeterMenuBar: setRunning(true, *local*)
2022-02-17 16:24:47,324 INFO o.a.j.e.StandardJMeterEngine: Starting ThreadGroup: 1 : Thread Group
2022-02-17 16:24:47,332 INFO o.a.j.e.StandardJMeterEngine: Starting 1 threads for group Thread Group.
2022-02-17 16:24:47,332 INFO o.a.j.e.StandardJMeterEngine: Thread will continue on error
2022-02-17 16:24:47,332 INFO o.a.j.t.ThreadGroup: Starting thread group... number=1 threads=1 ramp-up=1 delayedStart=false
2022-02-17 16:24:47,334 INFO o.a.j.t.ThreadGroup: Started thread group number 1
2022-02-17 16:24:47,334 INFO o.a.j.e.StandardJMeterEngine: All thread groups have been started
2022-02-17 16:24:47,334 INFO o.a.j.t.JMeterThread: Thread started: Thread Group 1-1
2022-02-17 16:24:47,334 INFO o.a.j.p.j.s.JUnitSampler: Trying to find constructor with one String parameter returned error: GroupJmete.ArtifactJmeter.SeleniumJmeter.<init>(java.lang.String)
2022-02-17 16:24:59,411 INFO o.a.j.t.JMeterThread: Thread is done: Thread Group 1-1
2022-02-17 16:24:59,411 INFO o.a.j.t.JMeterThread: Thread finished: Thread Group 1-1
2022-02-17 16:24:59,411 INFO o.a.j.e.StandardJMeterEngine: Notifying test listeners of end of test
2022-02-17 16:24:59,411 INFO o.a.j.g.u.JMeterMenuBar: setRunning(false, *local*)
2022-02-17 16:25:01,452 INFO o.a.j.e.StandardJMeterEngine: Running the test!
2022-02-17 16:25:01,452 INFO o.a.j.s.SampleEvent: List of sample_variables: []
2022-02-17 16:25:01,452 INFO o.a.j.g.u.JMeterMenuBar: setRunning(true, *local*)
2022-02-17 16:25:01,630 INFO o.a.j.e.StandardJMeterEngine: Starting ThreadGroup: 1 : Thread Group
2022-02-17 16:25:01,630 INFO o.a.j.e.StandardJMeterEngine: Starting 1 threads for group Thread Group.
2022-02-17 16:25:01,630 INFO o.a.j.e.StandardJMeterEngine: Thread will continue on error
2022-02-17 16:25:01,630 INFO o.a.j.t.ThreadGroup: Starting thread group... number=1 threads=1 ramp-up=1 delayedStart=false
2022-02-17 16:25:01,630 INFO o.a.j.t.ThreadGroup: Started thread group number 1
2022-02-17 16:25:01,630 INFO o.a.j.e.StandardJMeterEngine: All thread groups have been started
2022-02-17 16:25:01,630 INFO o.a.j.t.JMeterThread: Thread started: Thread Group 1-1
2022-02-17 16:25:01,630 INFO o.a.j.p.j.s.JUnitSampler: Trying to find constructor with one String parameter returned error: GroupJmete.ArtifactJmeter.SeleniumJmeter.<init>(java.lang.String)
2022-02-17 16:25:13,599 INFO o.a.j.t.JMeterThread: Thread is done: Thread Group 1-1
2022-02-17 16:25:13,599 INFO o.a.j.t.JMeterThread: Thread finished: Thread Group 1-1
2022-02-17 16:25:13,599 INFO o.a.j.e.StandardJMeterEngine: Notifying test listeners of end of test
2022-02-17 16:25:13,599 INFO o.a.j.g.u.JMeterMenuBar: setRunning(false, *local*)
2022-02-17 16:25:15,113 INFO o.a.j.e.StandardJMeterEngine: Running the test!
2022-02-17 16:25:15,113 INFO o.a.j.s.SampleEvent: List of sample_variables: []
2022-02-17 16:25:15,129 INFO o.a.j.g.u.JMeterMenuBar: setRunning(true, *local*)
2022-02-17 16:25:15,304 INFO o.a.j.e.StandardJMeterEngine: Starting ThreadGroup: 1 : Thread Group
2022-02-17 16:25:15,304 INFO o.a.j.e.StandardJMeterEngine: Starting 1 threads for group Thread Group.
2022-02-17 16:25:15,304 INFO o.a.j.e.StandardJMeterEngine: Thread will continue on error
2022-02-17 16:25:15,304 INFO o.a.j.t.ThreadGroup: Starting thread group... number=1 threads=1 ramp-up=1 delayedStart=false
2022-02-17 16:25:15,304 INFO o.a.j.t.ThreadGroup: Started thread group number 1
2022-02-17 16:25:15,304 INFO o.a.j.e.StandardJMeterEngine: All thread groups have been started
2022-02-17 16:25:15,314 INFO o.a.j.t.JMeterThread: Thread started: Thread Group 1-1
2022-02-17 16:25:15,314 INFO o.a.j.p.j.s.JUnitSampler: Trying to find constructor with one String parameter returned error: GroupJmete.ArtifactJmeter.SeleniumJmeter.<init>(java.lang.String)
2022-02-17 16:25:27,479 INFO o.a.j.t.JMeterThread: Thread is done: Thread Group 1-1
2022-02-17 16:25:27,479 INFO o.a.j.t.JMeterThread: Thread finished: Thread Group 1-1
2022-02-17 16:25:27,479 INFO o.a.j.e.StandardJMeterEngine: Notifying test listeners of end of test
2022-02-17 16:25:27,479 INFO o.a.j.g.u.JMeterMenuBar: setRunning(false, *local*)
2022-02-17 16:25:30,309 INFO o.a.j.e.StandardJMeterEngine: Running the test!
2022-02-17 16:25:30,309 INFO o.a.j.s.SampleEvent: List of sample_variables: []
2022-02-17 16:25:30,309 INFO o.a.j.g.u.JMeterMenuBar: setRunning(true, *local*)
2022-02-17 16:25:30,484 INFO o.a.j.e.StandardJMeterEngine: Starting ThreadGroup: 1 : Thread Group
2022-02-17 16:25:30,484 INFO o.a.j.e.StandardJMeterEngine: Starting 1 threads for group Thread Group.
2022-02-17 16:25:30,484 INFO o.a.j.e.StandardJMeterEngine: Thread will continue on error
2022-02-17 16:25:30,484 INFO o.a.j.t.ThreadGroup: Starting thread group... number=1 threads=1 ramp-up=1 delayedStart=false
2022-02-17 16:25:30,484 INFO o.a.j.t.ThreadGroup: Started thread group number 1
2022-02-17 16:25:30,484 INFO o.a.j.e.StandardJMeterEngine: All thread groups have been started
2022-02-17 16:25:30,492 INFO o.a.j.t.JMeterThread: Thread started: Thread Group 1-1
2022-02-17 16:25:30,492 INFO o.a.j.p.j.s.JUnitSampler: Trying to find constructor with one String parameter returned error: GroupJmete.ArtifactJmeter.SeleniumJmeter.<init>(java.lang.String)
2022-02-17 16:25:43,834 INFO o.a.j.t.JMeterThread: Thread is done: Thread Group 1-1
2022-02-17 16:25:43,834 INFO o.a.j.t.JMeterThread: Thread finished: Thread Group 1-1
2022-02-17 16:25:43,834 INFO o.a.j.e.StandardJMeterEngine: Notifying test listeners of end of test
2022-02-17 16:25:43,834 INFO o.a.j.g.u.JMeterMenuBar: setRunning(false, *local*)
2022-02-17 16:27:02,176 INFO o.a.j.e.StandardJMeterEngine: Running the test!
2022-02-17 16:27:02,176 INFO o.a.j.s.SampleEvent: List of sample_variables: []
2022-02-17 16:27:02,176 INFO o.a.j.g.u.JMeterMenuBar: setRunning(true, *local*)
2022-02-17 16:27:02,367 INFO o.a.j.e.StandardJMeterEngine: Starting ThreadGroup: 1 : Thread Group
2022-02-17 16:27:02,367 INFO o.a.j.e.StandardJMeterEngine: Starting 1 threads for group Thread Group.
2022-02-17 16:27:02,367 INFO o.a.j.e.StandardJMeterEngine: Thread will continue on error
2022-02-17 16:27:02,367 INFO o.a.j.t.ThreadGroup: Starting thread group... number=1 threads=1 ramp-up=1 delayedStart=false
2022-02-17 16:27:02,375 INFO o.a.j.t.ThreadGroup: Started thread group number 1
2022-02-17 16:27:02,375 INFO o.a.j.e.StandardJMeterEngine: All thread groups have been started
2022-02-17 16:27:02,387 INFO o.a.j.t.JMeterThread: Thread started: Thread Group 1-1
2022-02-17 16:27:02,387 INFO o.a.j.p.j.s.JUnitSampler: Trying to find constructor with one String parameter returned error: GroupJmete.ArtifactJmeter.SeleniumJmeter.<init>(java.lang.String)
2022-02-17 16:27:14,803 INFO o.a.j.t.JMeterThread: Thread is done: Thread Group 1-1
2022-02-17 16:27:14,803 INFO o.a.j.t.JMeterThread: Thread finished: Thread Group 1-1
2022-02-17 16:27:14,810 INFO o.a.j.e.StandardJMeterEngine: Notifying test listeners of end of test
2022-02-17 16:27:14,810 INFO o.a.j.g.u.JMeterMenuBar: setRunning(false, *local*)
2022-02-17 16:28:07,325 INFO o.a.j.e.StandardJMeterEngine: Running the test!
2022-02-17 16:28:07,325 INFO o.a.j.s.SampleEvent: List of sample_variables: []
2022-02-17 16:28:07,325 INFO o.a.j.g.u.JMeterMenuBar: setRunning(true, *local*)
2022-02-17 16:28:07,512 INFO o.a.j.e.StandardJMeterEngine: Starting ThreadGroup: 1 : Thread Group
2022-02-17 16:28:07,512 INFO o.a.j.e.StandardJMeterEngine: Starting 1 threads for group Thread Group.
2022-02-17 16:28:07,512 INFO o.a.j.e.StandardJMeterEngine: Thread will continue on error
2022-02-17 16:28:07,512 INFO o.a.j.t.ThreadGroup: Starting thread group... number=1 threads=1 ramp-up=1 delayedStart=false
2022-02-17 16:28:07,512 INFO o.a.j.t.ThreadGroup: Started thread group number 1
2022-02-17 16:28:07,520 INFO o.a.j.e.StandardJMeterEngine: All thread groups have been started
2022-02-17 16:28:07,583 INFO o.a.j.t.JMeterThread: Thread started: Thread Group 1-1
2022-02-17 16:28:07,583 INFO o.a.j.p.j.s.JUnitSampler: Trying to find constructor with one String parameter returned error: GroupJmete.ArtifactJmeter.SeleniumJmeter.<init>(java.lang.String)
2022-02-17 16:28:19,765 INFO o.a.j.t.JMeterThread: Thread is done: Thread Group 1-1
2022-02-17 16:28:19,765 INFO o.a.j.t.JMeterThread: Thread finished: Thread Group 1-1
2022-02-17 16:28:19,765 INFO o.a.j.e.StandardJMeterEngine: Notifying test listeners of end of test
2022-02-17 16:28:19,765 INFO o.a.j.g.u.JMeterMenuBar: setRunning(false, *local*)
2022-02-17 16:28:23,339 INFO o.a.j.e.StandardJMeterEngine: Running the test!
2022-02-17 16:28:23,339 INFO o.a.j.s.SampleEvent: List of sample_variables: []
2022-02-17 16:28:23,386 INFO o.a.j.g.u.JMeterMenuBar: setRunning(true, *local*)
2022-02-17 16:28:23,556 INFO o.a.j.e.StandardJMeterEngine: Starting ThreadGroup: 1 : Thread Group
2022-02-17 16:28:23,556 INFO o.a.j.e.StandardJMeterEngine: Starting 1 threads for group Thread Group.
2022-02-17 16:28:23,556 INFO o.a.j.e.StandardJMeterEngine: Thread will continue on error
2022-02-17 16:28:23,556 INFO o.a.j.t.ThreadGroup: Starting thread group... number=1 threads=1 ramp-up=1 delayedStart=false
2022-02-17 16:28:23,556 INFO o.a.j.t.ThreadGroup: Started thread group number 1
2022-02-17 16:28:23,556 INFO o.a.j.e.StandardJMeterEngine: All thread groups have been started
2022-02-17 16:28:23,566 INFO o.a.j.t.JMeterThread: Thread started: Thread Group 1-1
2022-02-17 16:28:23,566 INFO o.a.j.p.j.s.JUnitSampler: Trying to find constructor with one String parameter returned error: GroupJmete.ArtifactJmeter.SeleniumJmeter.<init>(java.lang.String)
2022-02-17 16:28:35,381 INFO o.a.j.t.JMeterThread: Thread is done: Thread Group 1-1
2022-02-17 16:28:35,381 INFO o.a.j.t.JMeterThread: Thread finished: Thread Group 1-1
2022-02-17 16:28:35,381 INFO o.a.j.e.StandardJMeterEngine: Notifying test listeners of end of test
2022-02-17 16:28:35,381 INFO o.a.j.g.u.JMeterMenuBar: setRunning(false, *local*)
2022-02-17 16:28:38,803 INFO o.a.j.e.StandardJMeterEngine: Running the test!
2022-02-17 16:28:38,803 INFO o.a.j.s.SampleEvent: List of sample_variables: []
2022-02-17 16:28:38,835 INFO o.a.j.g.u.JMeterMenuBar: setRunning(true, *local*)
2022-02-17 16:28:39,017 INFO o.a.j.e.StandardJMeterEngine: Starting ThreadGroup: 1 : Thread Group
2022-02-17 16:28:39,017 INFO o.a.j.e.StandardJMeterEngine: Starting 1 threads for group Thread Group.
2022-02-17 16:28:39,017 INFO o.a.j.e.StandardJMeterEngine: Thread will continue on error
2022-02-17 16:28:39,017 INFO o.a.j.t.ThreadGroup: Starting thread group... number=1 threads=1 ramp-up=1 delayedStart=false
2022-02-17 16:28:39,025 INFO o.a.j.t.ThreadGroup: Started thread group number 1
2022-02-17 16:28:39,025 INFO o.a.j.e.StandardJMeterEngine: All thread groups have been started
2022-02-17 16:28:39,027 INFO o.a.j.t.JMeterThread: Thread started: Thread Group 1-1
2022-02-17 16:28:39,027 INFO o.a.j.p.j.s.JUnitSampler: Trying to find constructor with one String parameter returned error: GroupJmete.ArtifactJmeter.SeleniumJmeter.<init>(java.lang.String)
2022-02-17 16:28:51,184 INFO o.a.j.t.JMeterThread: Thread is done: Thread Group 1-1
2022-02-17 16:28:51,184 INFO o.a.j.t.JMeterThread: Thread finished: Thread Group 1-1
2022-02-17 16:28:51,184 INFO o.a.j.e.StandardJMeterEngine: Notifying test listeners of end of test
2022-02-17 16:28:51,184 INFO o.a.j.g.u.JMeterMenuBar: setRunning(false, *local*)
2022-02-17 16:28:54,451 INFO o.a.j.e.StandardJMeterEngine: Running the test!
2022-02-17 16:28:54,451 INFO o.a.j.s.SampleEvent: List of sample_variables: []
2022-02-17 16:28:54,457 INFO o.a.j.g.u.JMeterMenuBar: setRunning(true, *local*)
2022-02-17 16:28:54,681 INFO o.a.j.e.StandardJMeterEngine: Starting ThreadGroup: 1 : Thread Group
2022-02-17 16:28:54,681 INFO o.a.j.e.StandardJMeterEngine: Starting 1 threads for group Thread Group.
2022-02-17 16:28:54,681 INFO o.a.j.e.StandardJMeterEngine: Thread will continue on error
2022-02-17 16:28:54,681 INFO o.a.j.t.ThreadGroup: Starting thread group... number=1 threads=1 ramp-up=1 delayedStart=false
2022-02-17 16:28:54,681 INFO o.a.j.t.ThreadGroup: Started thread group number 1
2022-02-17 16:28:54,681 INFO o.a.j.e.StandardJMeterEngine: All thread groups have been started
2022-02-17 16:28:54,691 INFO o.a.j.t.JMeterThread: Thread started: Thread Group 1-1
2022-02-17 16:28:54,691 INFO o.a.j.p.j.s.JUnitSampler: Trying to find constructor with one String parameter returned error: GroupJmete.ArtifactJmeter.SeleniumJmeter.<init>(java.lang.String)
2022-02-17 16:29:06,836 INFO o.a.j.t.JMeterThread: Thread is done: Thread Group 1-1
2022-02-17 16:29:06,836 INFO o.a.j.t.JMeterThread: Thread finished: Thread Group 1-1
2022-02-17 16:29:06,836 INFO o.a.j.e.StandardJMeterEngine: Notifying test listeners of end of test
2022-02-17 16:29:06,836 INFO o.a.j.g.u.JMeterMenuBar: setRunning(false, *local*)
